<?xml version="1.0" encoding="UTF-8"?>
<!-- Generated by org.testng.reporters.JUnitReportReporter -->
<testsuite skipped="0" hostname="DESKTOP-PVO0DML" name="com.cts.SampleProject.App" tests="1" failures="0" timestamp="16 Aug 2020 06:57:09 GMT" time="0.023" errors="0">
  <testcase name="test" time="0.023" classname="com.cts.SampleProject.App"/>
</testsuite> <!-- com.cts.SampleProject.App -->
