<?xml version="1.0" encoding="UTF-8"?>
<!-- Generated by org.testng.reporters.JUnitReportReporter -->
<testsuite skipped="0" hostname="DESKTOP-PVO0DML" name="com.cts.SampleProject.App" tests="1" failures="0" timestamp="19 Aug 2020 11:28:52 GMT" time="15.066" errors="0">
  <testcase name="test" time="15.066" classname="com.cts.SampleProject.App"/>
</testsuite> <!-- com.cts.SampleProject.App -->
